[debug] [2020-09-14T00:33:27.718Z] ----------------------------------------------------------------------
[debug] [2020-09-14T00:33:27.720Z] Command:       C:\Program Files\nodejs\node.exe C:\Users\DI-HUB\AppData\Roaming\npm\node_modules\firebase-tools\lib\bin\firebase.js emulators:start
[debug] [2020-09-14T00:33:27.721Z] CLI Version:   8.10.0
[debug] [2020-09-14T00:33:27.721Z] Platform:      win32
[debug] [2020-09-14T00:33:27.721Z] Node Version:  v10.18.1
[debug] [2020-09-14T00:33:27.722Z] Time:          Mon Sep 14 2020 01:33:27 GMT+0100 (West Africa Standard Time)
[debug] [2020-09-14T00:33:27.722Z] ----------------------------------------------------------------------
[debug] [2020-09-14T00:33:27.722Z] 
[debug] [2020-09-14T00:33:27.731Z] > command requires scopes: ["email","openid","https://www.googleapis.com/auth/cloudplatformprojects.readonly","https://www.googleapis.com/auth/firebase","https://www.googleapis.com/auth/cloud-platform"]
[debug] [2020-09-14T00:33:27.732Z] > authorizing via signed-in user
[info] i  emulators: Starting emulators: functions, database, hosting {"metadata":{"emulator":{"name":"hub"},"message":"Starting emulators: functions, database, hosting"}}
[debug] [2020-09-14T00:33:29.753Z] [hub] writing locator at C:\Users\DI-HUB\AppData\Local\Temp\hub-challenge-8572d.json
[warn] !  functions: The following emulators are not running, calls to these services from the Functions emulator will affect production: firestore, pubsub {"metadata":{"emulator":{"name":"functions"},"message":"The following emulators are not running, calls to these services from the Functions emulator will affect production: \u001b[1mfirestore, pubsub\u001b[22m"}}
[info] +  functions: Using node@10 from host. {"metadata":{"emulator":{"name":"functions"},"message":"Using node@10 from host."}}
[debug] [2020-09-14T00:33:31.785Z] defaultcredentials: writing to file C:\Users\DI-HUB\AppData\Roaming\firebase\issatoyin_gmail_com_application_default_credentials.json
[debug] [2020-09-14T00:33:31.789Z] Setting GAC to C:\Users\DI-HUB\AppData\Roaming\firebase\issatoyin_gmail_com_application_default_credentials.json {"metadata":{"emulator":{"name":"functions"},"message":"Setting GAC to C:\\Users\\DI-HUB\\AppData\\Roaming\\firebase\\issatoyin_gmail_com_application_default_credentials.json"}}
[debug] [2020-09-14T00:33:33.797Z] database rules config:  [{"instance":"challenge-8572d","rules":"C:\\Users\\DI-HUB\\Documents\\amazon\\amazon_clone\\database.rules.json"}]
[debug] [2020-09-14T00:33:33.802Z] Ignoring unsupported arg: projectId {"metadata":{"emulator":{"name":"database"},"message":"Ignoring unsupported arg: projectId"}}
[debug] [2020-09-14T00:33:33.802Z] Ignoring unsupported arg: auto_download {"metadata":{"emulator":{"name":"database"},"message":"Ignoring unsupported arg: auto_download"}}
[debug] [2020-09-14T00:33:33.802Z] Ignoring unsupported arg: rules {"metadata":{"emulator":{"name":"database"},"message":"Ignoring unsupported arg: rules"}}
[debug] [2020-09-14T00:33:33.802Z] Starting Database Emulator with command {"binary":"java","args":["-Duser.language=en","-jar","C:\\Users\\DI-HUB\\.cache\\firebase\\emulators\\firebase-database-emulator-v4.5.0.jar","--host","localhost","--port",9000,"--functions_emulator_host","localhost","--functions_emulator_port",5001],"optionalArgs":["port","host","functions_emulator_port","functions_emulator_host"],"joinArgs":false} {"metadata":{"emulator":{"name":"database"},"message":"Starting Database Emulator with command {\"binary\":\"java\",\"args\":[\"-Duser.language=en\",\"-jar\",\"C:\\\\Users\\\\DI-HUB\\\\.cache\\\\firebase\\\\emulators\\\\firebase-database-emulator-v4.5.0.jar\",\"--host\",\"localhost\",\"--port\",9000,\"--functions_emulator_host\",\"localhost\",\"--functions_emulator_port\",5001],\"optionalArgs\":[\"port\",\"host\",\"functions_emulator_port\",\"functions_emulator_host\"],\"joinArgs\":false}"}}
[info] i  database: Database Emulator logging to database-debug.log {"metadata":{"emulator":{"name":"database"},"message":"Database Emulator logging to \u001b[1mdatabase-debug.log\u001b[22m"}}
[debug] [2020-09-14T00:33:35.598Z] 01:33:35.597 [NamespaceSystem-akka.actor.default-dispatcher-4] INFO akka.event.slf4j.Slf4jLogger - Slf4jLogger started
 {"metadata":{"emulator":{"name":"database"},"message":"01:33:35.597 [NamespaceSystem-akka.actor.default-dispatcher-4] INFO akka.event.slf4j.Slf4jLogger - Slf4jLogger started\r\n"}}
[debug] [2020-09-14T00:33:35.766Z] 01:33:35.765 [main] INFO com.firebase.server.forge.App$ - Listening at localhost:9000
 {"metadata":{"emulator":{"name":"database"},"message":"01:33:35.765 [main] INFO com.firebase.server.forge.App$ - Listening at localhost:9000\r\n"}}
[debug] [2020-09-14T00:33:38.074Z] > refreshing access token with scopes: ["email","https://www.googleapis.com/auth/cloud-platform","https://www.googleapis.com/auth/cloudplatformprojects.readonly","https://www.googleapis.com/auth/firebase","openid"]
[debug] [2020-09-14T00:33:38.075Z] >>> HTTP REQUEST POST https://www.googleapis.com/oauth2/v3/token  
 <request body omitted>
[debug] [2020-09-14T00:33:38.811Z] <<< HTTP RESPONSE 400 {"content-type":"application/json; charset=utf-8","vary":"X-Origin, Referer, Origin,Accept-Encoding","date":"Mon, 14 Sep 2020 00:33:38 GMT","server":"scaffolding on HTTPServer2","cache-control":"private","x-xss-protection":"0","x-frame-options":"SAMEORIGIN","x-content-type-options":"nosniff","alt-svc":"h3-29=\":443\"; ma=2592000,h3-27=\":443\"; ma=2592000,h3-T051=\":443\"; ma=2592000,h3-T050=\":443\"; ma=2592000,h3-Q050=\":443\"; ma=2592000,h3-Q046=\":443\"; ma=2592000,h3-Q043=\":443\"; ma=2592000,quic=\":443\"; ma=2592000; v=\"46,43\"","accept-ranges":"none","transfer-encoding":"chunked"}
[debug] [2020-09-14T00:33:38.812Z] >>> HTTP REQUEST GET https://firebase.googleapis.com/v1beta1/projects/challenge-8572d/webApps/-/config  
 
[debug] [2020-09-14T00:33:39.593Z] <<< HTTP RESPONSE 401 {"www-authenticate":"Bearer realm=\"https://accounts.google.com/\", error=\"invalid_token\"","vary":"X-Origin, Referer, Origin,Accept-Encoding","content-type":"application/json; charset=UTF-8","date":"Mon, 14 Sep 2020 00:33:39 GMT","server":"ESF","cache-control":"private","x-xss-protection":"0","x-frame-options":"SAMEORIGIN","x-content-type-options":"nosniff","alt-svc":"h3-29=\":443\"; ma=2592000,h3-27=\":443\"; ma=2592000,h3-T051=\":443\"; ma=2592000,h3-T050=\":443\"; ma=2592000,h3-Q050=\":443\"; ma=2592000,h3-Q046=\":443\"; ma=2592000,h3-Q043=\":443\"; ma=2592000,quic=\":443\"; ma=2592000; v=\"46,43\"","accept-ranges":"none","transfer-encoding":"chunked"}
[debug] [2020-09-14T00:33:39.593Z] <<< HTTP RESPONSE BODY {"error":{"code":401,"message":"Request had invalid authentication credentials. Expected OAuth 2 access token, login cookie or other valid authentication credential. See https://developers.google.com/identity/sign-in/web/devconsole-project.","status":"UNAUTHENTICATED"}}
[debug] [2020-09-14T00:33:39.596Z] fetchWebSetup error: FirebaseError: HTTP Error: 401, Request had invalid authentication credentials. Expected OAuth 2 access token, login cookie or other valid authentication credential. See https://developers.google.com/identity/sign-in/web/devconsole-project.
[warn] !  hosting: Could not fetch web app configuration and there is no cached configuration on this machine. Check your internet connection and make sure you are authenticated. To continue, you must call firebase.initializeApp({...}) in your code before using Firebase. 
[info] i  hosting: Serving hosting files from: build/challenge {"metadata":{"emulator":{"name":"hosting"},"message":"Serving hosting files from: \u001b[1mbuild/challenge\u001b[22m"}}
[info] +  hosting: Local server: http://localhost:5000 {"metadata":{"emulator":{"name":"hosting"},"message":"Local server: \u001b[4m\u001b[1mhttp://localhost:5000\u001b[22m\u001b[24m"}}
[debug] [2020-09-14T00:33:43.628Z] Ignoring unsupported arg: auto_download {"metadata":{"emulator":{"name":"ui"},"message":"Ignoring unsupported arg: auto_download"}}
[debug] [2020-09-14T00:33:43.628Z] Ignoring unsupported arg: port {"metadata":{"emulator":{"name":"ui"},"message":"Ignoring unsupported arg: port"}}
[debug] [2020-09-14T00:33:43.628Z] Starting Emulator UI with command {"binary":"node","args":["C:\\Users\\DI-HUB\\.cache\\firebase\\emulators\\ui-v1.1.1\\server.bundle.js"],"optionalArgs":[],"joinArgs":false} {"metadata":{"emulator":{"name":"ui"},"message":"Starting Emulator UI with command {\"binary\":\"node\",\"args\":[\"C:\\\\Users\\\\DI-HUB\\\\.cache\\\\firebase\\\\emulators\\\\ui-v1.1.1\\\\server.bundle.js\"],\"optionalArgs\":[],\"joinArgs\":false}"}}
[info] i  ui: Emulator UI logging to ui-debug.log {"metadata":{"emulator":{"name":"ui"},"message":"Emulator UI logging to \u001b[1mui-debug.log\u001b[22m"}}
[debug] [2020-09-14T00:33:43.802Z] Web / API server started at http://localhost:4000
 {"metadata":{"emulator":{"name":"ui"},"message":"Web / API server started at http://localhost:4000\n"}}
[info] i  functions: Watching "C:\Users\DI-HUB\Documents\amazon\amazon_clone\functions" for Cloud Functions... {"metadata":{"emulator":{"name":"functions"},"message":"Watching \"C:\\Users\\DI-HUB\\Documents\\amazon\\amazon_clone\\functions\" for Cloud Functions..."}}
[debug] [2020-09-14T00:33:44.146Z] [worker-pool] addWorker(~diagnostic~) {"metadata":{"emulator":{"name":"functions"},"message":"[worker-pool] addWorker(~diagnostic~)"}}
[debug] [2020-09-14T00:33:44.146Z] [worker-pool] Adding worker with key ~diagnostic~, total=1 {"metadata":{"emulator":{"name":"functions"},"message":"[worker-pool] Adding worker with key ~diagnostic~, total=1"}}
[debug] [2020-09-14T00:33:44.146Z] [worker-pool] submitWork(triggerId=) {"metadata":{"emulator":{"name":"functions"},"message":"[worker-pool] submitWork(triggerId=)"}}
[debug] [2020-09-14T00:33:44.147Z] [worker-~diagnostic~-d2c6bbc9-77e3-4306-a186-3ecc65991f0a]: Assigning socketPath: \\?\pipe\C:\Users\DI-HUB\Documents\amazon\amazon_clone\functions\24308 {"metadata":{"emulator":{"name":"functions"},"message":"[worker-~diagnostic~-d2c6bbc9-77e3-4306-a186-3ecc65991f0a]: Assigning socketPath: \\\\?\\pipe\\C:\\Users\\DI-HUB\\Documents\\amazon\\amazon_clone\\functions\\24308"}}
[debug] [2020-09-14T00:33:44.147Z] [worker-~diagnostic~-d2c6bbc9-77e3-4306-a186-3ecc65991f0a]: BUSY {"metadata":{"emulator":{"name":"functions"},"message":"[worker-~diagnostic~-d2c6bbc9-77e3-4306-a186-3ecc65991f0a]: BUSY"}}
[debug] [2020-09-14T00:33:44.609Z] [runtime-status] [24308] Functions runtime initialized. {"cwd":"C:\\Users\\DI-HUB\\Documents\\amazon\\amazon_clone\\functions","node_version":"10.18.1"} {"metadata":{"emulator":{"name":"functions"},"message":"[runtime-status] [24308] Functions runtime initialized. {\"cwd\":\"C:\\\\Users\\\\DI-HUB\\\\Documents\\\\amazon\\\\amazon_clone\\\\functions\",\"node_version\":\"10.18.1\"}"}}
[debug] [2020-09-14T00:33:44.611Z] [runtime-status] [24308] Disabled runtime features: undefined {"metadata":{"emulator":{"name":"functions"},"message":"[runtime-status] [24308] Disabled runtime features: undefined"}}
[debug] [2020-09-14T00:33:44.614Z] [runtime-status] [24308] Resolved module firebase-admin {"declared":true,"installed":true,"version":"9.1.1","resolution":"C:\\Users\\DI-HUB\\Documents\\amazon\\amazon_clone\\node_modules\\firebase-admin\\lib\\index.js"} {"metadata":{"emulator":{"name":"functions"},"message":"[runtime-status] [24308] Resolved module firebase-admin {\"declared\":true,\"installed\":true,\"version\":\"9.1.1\",\"resolution\":\"C:\\\\Users\\\\DI-HUB\\\\Documents\\\\amazon\\\\amazon_clone\\\\node_modules\\\\firebase-admin\\\\lib\\\\index.js\"}"}}
[debug] [2020-09-14T00:33:44.616Z] [runtime-status] [24308] Resolved module firebase-functions {"declared":true,"installed":true,"version":"3.11.0","resolution":"C:\\Users\\DI-HUB\\Documents\\amazon\\amazon_clone\\node_modules\\firebase-functions\\lib\\index.js"} {"metadata":{"emulator":{"name":"functions"},"message":"[runtime-status] [24308] Resolved module firebase-functions {\"declared\":true,\"installed\":true,\"version\":\"3.11.0\",\"resolution\":\"C:\\\\Users\\\\DI-HUB\\\\Documents\\\\amazon\\\\amazon_clone\\\\node_modules\\\\firebase-functions\\\\lib\\\\index.js\"}"}}
[debug] [2020-09-14T00:33:44.617Z] [runtime-status] [24308] Resolved module firebase-functions {"declared":true,"installed":true,"version":"3.11.0","resolution":"C:\\Users\\DI-HUB\\Documents\\amazon\\amazon_clone\\node_modules\\firebase-functions\\lib\\index.js"} {"metadata":{"emulator":{"name":"functions"},"message":"[runtime-status] [24308] Resolved module firebase-functions {\"declared\":true,\"installed\":true,\"version\":\"3.11.0\",\"resolution\":\"C:\\\\Users\\\\DI-HUB\\\\Documents\\\\amazon\\\\amazon_clone\\\\node_modules\\\\firebase-functions\\\\lib\\\\index.js\"}"}}
[debug] [2020-09-14T00:33:44.621Z] [runtime-status] [24308] Outgoing network have been stubbed. [{"name":"http","status":"mocked"},{"name":"http","status":"mocked"},{"name":"https","status":"mocked"},{"name":"https","status":"mocked"},{"name":"net","status":"mocked"}] {"metadata":{"emulator":{"name":"functions"},"message":"[runtime-status] [24308] Outgoing network have been stubbed. [{\"name\":\"http\",\"status\":\"mocked\"},{\"name\":\"http\",\"status\":\"mocked\"},{\"name\":\"https\",\"status\":\"mocked\"},{\"name\":\"https\",\"status\":\"mocked\"},{\"name\":\"net\",\"status\":\"mocked\"}]"}}
[debug] [2020-09-14T00:33:44.621Z] [runtime-status] [24308] Resolved module firebase-functions {"declared":true,"installed":true,"version":"3.11.0","resolution":"C:\\Users\\DI-HUB\\Documents\\amazon\\amazon_clone\\node_modules\\firebase-functions\\lib\\index.js"} {"metadata":{"emulator":{"name":"functions"},"message":"[runtime-status] [24308] Resolved module firebase-functions {\"declared\":true,\"installed\":true,\"version\":\"3.11.0\",\"resolution\":\"C:\\\\Users\\\\DI-HUB\\\\Documents\\\\amazon\\\\amazon_clone\\\\node_modules\\\\firebase-functions\\\\lib\\\\index.js\"}"}}
[debug] [2020-09-14T00:33:44.673Z] [runtime-status] [24308] Checked functions.config() {"config":{}} {"metadata":{"emulator":{"name":"functions"},"message":"[runtime-status] [24308] Checked functions.config() {\"config\":{}}"}}
[debug] [2020-09-14T00:33:44.673Z] [runtime-status] [24308] firebase-functions has been stubbed. {"functionsResolution":{"declared":true,"installed":true,"version":"3.11.0","resolution":"C:\\Users\\DI-HUB\\Documents\\amazon\\amazon_clone\\node_modules\\firebase-functions\\lib\\index.js"}} {"metadata":{"emulator":{"name":"functions"},"message":"[runtime-status] [24308] firebase-functions has been stubbed. {\"functionsResolution\":{\"declared\":true,\"installed\":true,\"version\":\"3.11.0\",\"resolution\":\"C:\\\\Users\\\\DI-HUB\\\\Documents\\\\amazon\\\\amazon_clone\\\\node_modules\\\\firebase-functions\\\\lib\\\\index.js\"}}"}}
[debug] [2020-09-14T00:33:44.674Z] [runtime-status] [24308] Resolved module firebase-functions {"declared":true,"installed":true,"version":"3.11.0","resolution":"C:\\Users\\DI-HUB\\Documents\\amazon\\amazon_clone\\node_modules\\firebase-functions\\lib\\index.js"} {"metadata":{"emulator":{"name":"functions"},"message":"[runtime-status] [24308] Resolved module firebase-functions {\"declared\":true,\"installed\":true,\"version\":\"3.11.0\",\"resolution\":\"C:\\\\Users\\\\DI-HUB\\\\Documents\\\\amazon\\\\amazon_clone\\\\node_modules\\\\firebase-functions\\\\lib\\\\index.js\"}"}}
[debug] [2020-09-14T00:33:44.675Z] [runtime-status] [24308] Resolved module firebase-admin {"declared":true,"installed":true,"version":"9.1.1","resolution":"C:\\Users\\DI-HUB\\Documents\\amazon\\amazon_clone\\node_modules\\firebase-admin\\lib\\index.js"} {"metadata":{"emulator":{"name":"functions"},"message":"[runtime-status] [24308] Resolved module firebase-admin {\"declared\":true,\"installed\":true,\"version\":\"9.1.1\",\"resolution\":\"C:\\\\Users\\\\DI-HUB\\\\Documents\\\\amazon\\\\amazon_clone\\\\node_modules\\\\firebase-admin\\\\lib\\\\index.js\"}"}}
[debug] [2020-09-14T00:33:44.675Z] [runtime-status] [24308] Resolved module firebase-functions {"declared":true,"installed":true,"version":"3.11.0","resolution":"C:\\Users\\DI-HUB\\Documents\\amazon\\amazon_clone\\node_modules\\firebase-functions\\lib\\index.js"} {"metadata":{"emulator":{"name":"functions"},"message":"[runtime-status] [24308] Resolved module firebase-functions {\"declared\":true,\"installed\":true,\"version\":\"3.11.0\",\"resolution\":\"C:\\\\Users\\\\DI-HUB\\\\Documents\\\\amazon\\\\amazon_clone\\\\node_modules\\\\firebase-functions\\\\lib\\\\index.js\"}"}}
[debug] [2020-09-14T00:33:44.676Z] [runtime-status] [24308] firebase-admin has been stubbed. {"adminResolution":{"declared":true,"installed":true,"version":"9.1.1","resolution":"C:\\Users\\DI-HUB\\Documents\\amazon\\amazon_clone\\node_modules\\firebase-admin\\lib\\index.js"}} {"metadata":{"emulator":{"name":"functions"},"message":"[runtime-status] [24308] firebase-admin has been stubbed. {\"adminResolution\":{\"declared\":true,\"installed\":true,\"version\":\"9.1.1\",\"resolution\":\"C:\\\\Users\\\\DI-HUB\\\\Documents\\\\amazon\\\\amazon_clone\\\\node_modules\\\\firebase-admin\\\\lib\\\\index.js\"}}"}}
[info] +  functions[api]: http function initialized (http://localhost:5001/challenge-8572d/us-central1/api). {"metadata":{"emulator":{"name":"functions"},"message":"\u001b[1mhttp\u001b[22m function initialized (http://localhost:5001/challenge-8572d/us-central1/api)."}}
[debug] [2020-09-14T00:33:44.824Z] >>> HTTP REQUEST PUT http://localhost:9000/.settings/rules.json?ns=challenge-8572d  
 {
    "rules": {
      ".read": false,
      ".write": false
    }
  }
[debug] [2020-09-14T00:33:44.826Z] [worker-~diagnostic~-d2c6bbc9-77e3-4306-a186-3ecc65991f0a]: IDLE {"metadata":{"emulator":{"name":"functions"},"message":"[worker-~diagnostic~-d2c6bbc9-77e3-4306-a186-3ecc65991f0a]: IDLE"}}
[debug] [2020-09-14T00:33:45.362Z] <<< HTTP RESPONSE 200 {"content-length":"15","content-type":"application/json; charset=utf-8","access-control-allow-origin":"*","cache-control":"no-cache","x-firebase-project-id":"challenge-8572d","x-firebase-project-number":"123456789","x-firebase-uuid":"7dda89c1-c6fa-4fd9-9111-a7c2ef1b945f"}
[info] 
┌───────────────────────────────────────────────────────────────────────┐
│ ✔  All emulators ready! View status and logs at http://localhost:4000 │
└───────────────────────────────────────────────────────────────────────┘

┌───────────┬────────────────┬─────────────────────────────────┐
│ Emulator  │ Host:Port      │ View in Emulator UI             │
├───────────┼────────────────┼─────────────────────────────────┤
│ Functions │ localhost:5001 │ http://localhost:4000/functions │
├───────────┼────────────────┼─────────────────────────────────┤
│ Database  │ localhost:9000 │ http://localhost:4000/database  │
├───────────┼────────────────┼─────────────────────────────────┤
│ Hosting   │ localhost:5000 │ n/a                             │
└───────────┴────────────────┴─────────────────────────────────┘
  Other reserved ports: 4400, 4500

Issues? Report them at https://github.com/firebase/firebase-tools/issues and attach the *-debug.log files.
 
[debug] [2020-09-14T00:34:10.764Z] [work-queue] {"queueLength":1,"workRunningCount":0}
[debug] [2020-09-14T00:34:10.764Z] [work-queue] {"queueLength":0,"workRunningCount":1}
[debug] [2020-09-14T00:34:10.765Z] Accepted request GET /challenge-8572d/us-central1/api --> api
[debug] [2020-09-14T00:34:10.769Z] [worker-pool] addWorker(api) {"metadata":{"emulator":{"name":"functions"},"message":"[worker-pool] addWorker(api)"}}
[debug] [2020-09-14T00:34:10.769Z] [worker-pool] Adding worker with key api, total=1 {"metadata":{"emulator":{"name":"functions"},"message":"[worker-pool] Adding worker with key api, total=1"}}
[debug] [2020-09-14T00:34:10.769Z] [worker-pool] submitWork(triggerId=api) {"metadata":{"emulator":{"name":"functions"},"message":"[worker-pool] submitWork(triggerId=api)"}}
[debug] [2020-09-14T00:34:10.769Z] [worker-api-2d76246b-faf7-432e-960a-b37f8da6e6ef]: Assigning socketPath: \\?\pipe\C:\Users\DI-HUB\Documents\amazon\amazon_clone\functions\20244 {"metadata":{"emulator":{"name":"functions"},"message":"[worker-api-2d76246b-faf7-432e-960a-b37f8da6e6ef]: Assigning socketPath: \\\\?\\pipe\\C:\\Users\\DI-HUB\\Documents\\amazon\\amazon_clone\\functions\\20244"}}
[debug] [2020-09-14T00:34:10.769Z] [worker-api-2d76246b-faf7-432e-960a-b37f8da6e6ef]: BUSY {"metadata":{"emulator":{"name":"functions"},"message":"[worker-api-2d76246b-faf7-432e-960a-b37f8da6e6ef]: BUSY"}}
[debug] [2020-09-14T00:34:11.309Z] [runtime-status] [20244] Functions runtime initialized. {"cwd":"C:\\Users\\DI-HUB\\Documents\\amazon\\amazon_clone\\functions","node_version":"10.18.1"} {"metadata":{"emulator":{"name":"functions"},"function":{"name":"api"},"message":"[runtime-status] [20244] Functions runtime initialized. {\"cwd\":\"C:\\\\Users\\\\DI-HUB\\\\Documents\\\\amazon\\\\amazon_clone\\\\functions\",\"node_version\":\"10.18.1\"}"}}
[debug] [2020-09-14T00:34:11.311Z] [runtime-status] [20244] Disabled runtime features: undefined {"metadata":{"emulator":{"name":"functions"},"function":{"name":"api"},"message":"[runtime-status] [20244] Disabled runtime features: undefined"}}
[debug] [2020-09-14T00:34:11.316Z] [runtime-status] [20244] Resolved module firebase-admin {"declared":true,"installed":true,"version":"9.1.1","resolution":"C:\\Users\\DI-HUB\\Documents\\amazon\\amazon_clone\\node_modules\\firebase-admin\\lib\\index.js"} {"metadata":{"emulator":{"name":"functions"},"function":{"name":"api"},"message":"[runtime-status] [20244] Resolved module firebase-admin {\"declared\":true,\"installed\":true,\"version\":\"9.1.1\",\"resolution\":\"C:\\\\Users\\\\DI-HUB\\\\Documents\\\\amazon\\\\amazon_clone\\\\node_modules\\\\firebase-admin\\\\lib\\\\index.js\"}"}}
[debug] [2020-09-14T00:34:11.318Z] [runtime-status] [20244] Resolved module firebase-functions {"declared":true,"installed":true,"version":"3.11.0","resolution":"C:\\Users\\DI-HUB\\Documents\\amazon\\amazon_clone\\node_modules\\firebase-functions\\lib\\index.js"} {"metadata":{"emulator":{"name":"functions"},"function":{"name":"api"},"message":"[runtime-status] [20244] Resolved module firebase-functions {\"declared\":true,\"installed\":true,\"version\":\"3.11.0\",\"resolution\":\"C:\\\\Users\\\\DI-HUB\\\\Documents\\\\amazon\\\\amazon_clone\\\\node_modules\\\\firebase-functions\\\\lib\\\\index.js\"}"}}
[debug] [2020-09-14T00:34:11.320Z] [runtime-status] [20244] Resolved module firebase-functions {"declared":true,"installed":true,"version":"3.11.0","resolution":"C:\\Users\\DI-HUB\\Documents\\amazon\\amazon_clone\\node_modules\\firebase-functions\\lib\\index.js"} {"metadata":{"emulator":{"name":"functions"},"function":{"name":"api"},"message":"[runtime-status] [20244] Resolved module firebase-functions {\"declared\":true,\"installed\":true,\"version\":\"3.11.0\",\"resolution\":\"C:\\\\Users\\\\DI-HUB\\\\Documents\\\\amazon\\\\amazon_clone\\\\node_modules\\\\firebase-functions\\\\lib\\\\index.js\"}"}}
[debug] [2020-09-14T00:34:11.324Z] [runtime-status] [20244] Outgoing network have been stubbed. [{"name":"http","status":"mocked"},{"name":"http","status":"mocked"},{"name":"https","status":"mocked"},{"name":"https","status":"mocked"},{"name":"net","status":"mocked"}] {"metadata":{"emulator":{"name":"functions"},"function":{"name":"api"},"message":"[runtime-status] [20244] Outgoing network have been stubbed. [{\"name\":\"http\",\"status\":\"mocked\"},{\"name\":\"http\",\"status\":\"mocked\"},{\"name\":\"https\",\"status\":\"mocked\"},{\"name\":\"https\",\"status\":\"mocked\"},{\"name\":\"net\",\"status\":\"mocked\"}]"}}
[debug] [2020-09-14T00:34:11.325Z] [runtime-status] [20244] Resolved module firebase-functions {"declared":true,"installed":true,"version":"3.11.0","resolution":"C:\\Users\\DI-HUB\\Documents\\amazon\\amazon_clone\\node_modules\\firebase-functions\\lib\\index.js"} {"metadata":{"emulator":{"name":"functions"},"function":{"name":"api"},"message":"[runtime-status] [20244] Resolved module firebase-functions {\"declared\":true,\"installed\":true,\"version\":\"3.11.0\",\"resolution\":\"C:\\\\Users\\\\DI-HUB\\\\Documents\\\\amazon\\\\amazon_clone\\\\node_modules\\\\firebase-functions\\\\lib\\\\index.js\"}"}}
[debug] [2020-09-14T00:34:11.387Z] [runtime-status] [20244] Checked functions.config() {"config":{}} {"metadata":{"emulator":{"name":"functions"},"function":{"name":"api"},"message":"[runtime-status] [20244] Checked functions.config() {\"config\":{}}"}}
[debug] [2020-09-14T00:34:11.387Z] [runtime-status] [20244] firebase-functions has been stubbed. {"functionsResolution":{"declared":true,"installed":true,"version":"3.11.0","resolution":"C:\\Users\\DI-HUB\\Documents\\amazon\\amazon_clone\\node_modules\\firebase-functions\\lib\\index.js"}} {"metadata":{"emulator":{"name":"functions"},"function":{"name":"api"},"message":"[runtime-status] [20244] firebase-functions has been stubbed. {\"functionsResolution\":{\"declared\":true,\"installed\":true,\"version\":\"3.11.0\",\"resolution\":\"C:\\\\Users\\\\DI-HUB\\\\Documents\\\\amazon\\\\amazon_clone\\\\node_modules\\\\firebase-functions\\\\lib\\\\index.js\"}}"}}
[debug] [2020-09-14T00:34:11.388Z] [runtime-status] [20244] Resolved module firebase-functions {"declared":true,"installed":true,"version":"3.11.0","resolution":"C:\\Users\\DI-HUB\\Documents\\amazon\\amazon_clone\\node_modules\\firebase-functions\\lib\\index.js"} {"metadata":{"emulator":{"name":"functions"},"function":{"name":"api"},"message":"[runtime-status] [20244] Resolved module firebase-functions {\"declared\":true,\"installed\":true,\"version\":\"3.11.0\",\"resolution\":\"C:\\\\Users\\\\DI-HUB\\\\Documents\\\\amazon\\\\amazon_clone\\\\node_modules\\\\firebase-functions\\\\lib\\\\index.js\"}"}}
[debug] [2020-09-14T00:34:11.389Z] [runtime-status] [20244] Resolved module firebase-admin {"declared":true,"installed":true,"version":"9.1.1","resolution":"C:\\Users\\DI-HUB\\Documents\\amazon\\amazon_clone\\node_modules\\firebase-admin\\lib\\index.js"} {"metadata":{"emulator":{"name":"functions"},"function":{"name":"api"},"message":"[runtime-status] [20244] Resolved module firebase-admin {\"declared\":true,\"installed\":true,\"version\":\"9.1.1\",\"resolution\":\"C:\\\\Users\\\\DI-HUB\\\\Documents\\\\amazon\\\\amazon_clone\\\\node_modules\\\\firebase-admin\\\\lib\\\\index.js\"}"}}
[debug] [2020-09-14T00:34:11.389Z] [runtime-status] [20244] Resolved module firebase-functions {"declared":true,"installed":true,"version":"3.11.0","resolution":"C:\\Users\\DI-HUB\\Documents\\amazon\\amazon_clone\\node_modules\\firebase-functions\\lib\\index.js"} {"metadata":{"emulator":{"name":"functions"},"function":{"name":"api"},"message":"[runtime-status] [20244] Resolved module firebase-functions {\"declared\":true,\"installed\":true,\"version\":\"3.11.0\",\"resolution\":\"C:\\\\Users\\\\DI-HUB\\\\Documents\\\\amazon\\\\amazon_clone\\\\node_modules\\\\firebase-functions\\\\lib\\\\index.js\"}"}}
[debug] [2020-09-14T00:34:11.389Z] [runtime-status] [20244] firebase-admin has been stubbed. {"adminResolution":{"declared":true,"installed":true,"version":"9.1.1","resolution":"C:\\Users\\DI-HUB\\Documents\\amazon\\amazon_clone\\node_modules\\firebase-admin\\lib\\index.js"}} {"metadata":{"emulator":{"name":"functions"},"function":{"name":"api"},"message":"[runtime-status] [20244] firebase-admin has been stubbed. {\"adminResolution\":{\"declared\":true,\"installed\":true,\"version\":\"9.1.1\",\"resolution\":\"C:\\\\Users\\\\DI-HUB\\\\Documents\\\\amazon\\\\amazon_clone\\\\node_modules\\\\firebase-admin\\\\lib\\\\index.js\"}}"}}
[debug] [2020-09-14T00:34:11.541Z] [runtime-status] [20244] Trigger "api" has been found, beginning invocation! {"metadata":{"emulator":{"name":"functions"},"function":{"name":"api"},"message":"[runtime-status] [20244] Trigger \"api\" has been found, beginning invocation!"}}
[info] i  functions: Beginning execution of "api" {"metadata":{"emulator":{"name":"functions"},"function":{"name":"api"},"message":"Beginning execution of \"api\""}}
[debug] [2020-09-14T00:34:11.542Z] [runtime-status] [20244] triggerDefinition {"httpsTrigger":{},"name":"api","entryPoint":"api"} {"metadata":{"emulator":{"name":"functions"},"function":{"name":"api"},"message":"[runtime-status] [20244] triggerDefinition {\"httpsTrigger\":{},\"name\":\"api\",\"entryPoint\":\"api\"}"}}
[debug] [2020-09-14T00:34:11.542Z] [runtime-status] [20244] Running api in mode HTTPS {"metadata":{"emulator":{"name":"functions"},"function":{"name":"api"},"message":"[runtime-status] [20244] Running api in mode HTTPS"}}
[debug] [2020-09-14T00:34:11.546Z] [runtime-status] [20244] Attempting to listen to socketPath: \\?\pipe\C:\Users\DI-HUB\Documents\amazon\amazon_clone\functions\20244 {"metadata":{"emulator":{"name":"functions"},"function":{"name":"api"},"message":"[runtime-status] [20244] Attempting to listen to socketPath: \\\\?\\pipe\\C:\\Users\\DI-HUB\\Documents\\amazon\\amazon_clone\\functions\\20244"}}
[debug] [2020-09-14T00:34:11.549Z] [functions] Runtime ready! Sending request! {"metadata":{"emulator":{"name":"functions"},"message":"[functions] Runtime ready! Sending request!"}}
[debug] [2020-09-14T00:34:11.557Z] [runtime-status] [20244] Ephemeral server handling GET request {"metadata":{"emulator":{"name":"functions"},"function":{"name":"api"},"message":"[runtime-status] [20244] Ephemeral server handling GET request"}}
[debug] [2020-09-14T00:34:11.567Z] [runtime-status] [20244] Ephemeral server survived. {"metadata":{"emulator":{"name":"functions"},"function":{"name":"api"},"message":"[runtime-status] [20244] Ephemeral server survived."}}
[info] i  functions: Finished "api" in ~1s {"metadata":{"emulator":{"name":"functions"},"function":{"name":"api"},"message":"Finished \"api\" in ~1s"}}
[debug] [2020-09-14T00:34:11.570Z] [worker-api-2d76246b-faf7-432e-960a-b37f8da6e6ef]: IDLE {"metadata":{"emulator":{"name":"functions"},"message":"[worker-api-2d76246b-faf7-432e-960a-b37f8da6e6ef]: IDLE"}}
[debug] [2020-09-14T00:34:11.571Z] [work-queue] {"queueLength":0,"workRunningCount":0}
